<?xml version="1.0" encoding="UTF-8"?>
<!-- Generated by org.testng.reporters.JUnitReportReporter -->
<testsuite skipped="0" hostname="Devil-Machine" name="testCases.InitialSearchResultPageTest" tests="1" failures="0" timestamp="6 Feb 2022 16:47:04 GMT" time="1.874" errors="0">
  <testcase name="BookLowestFareTest" time="1.874" classname="testCases.InitialSearchResultPageTest"/>
</testsuite> <!-- testCases.InitialSearchResultPageTest -->
