<?xml version="1.0" encoding="UTF-8"?>
<!-- Generated by org.testng.reporters.JUnitReportReporter -->
<testsuite skipped="0" hostname="Devil-Machine" name="testCases.InitialSearchResultPageTest" tests="1" failures="0" timestamp="7 Feb 2022 13:11:07 GMT" time="1.814" errors="0">
  <testcase name="BookLowestFareTest" time="1.814" classname="testCases.InitialSearchResultPageTest"/>
</testsuite> <!-- testCases.InitialSearchResultPageTest -->
